<?xml version="1.0" encoding="UTF-8"?>
<!-- Generated by org.testng.reporters.JUnitXMLReporter -->
<testsuite ignored="0" hostname="DESKTOP-GJMMGMN" failures="0" tests="4" name="Test" time="0.113" errors="0" timestamp="2021-07-20T08:02:48 IST">
  <testcase classname="pack1.HomePageTest" name="order" time="0.018"/>
  <testcase classname="pack1.HomePageTest" name="updateStore" time="0.002"/>
  <testcase classname="pack2.LoginPageTest" name="verifyLoginwithCorrectPassword" time="0.001"/>
  <testcase classname="pack2.LoginPageTest" name="verifyLoginwithIncorrectPassword" time="0.003"/>
</testsuite> <!-- Test -->
