<?xml version="1.0" encoding="UTF-8"?>
<testng-results skipped="0" failed="0" ignored="0" total="2" passed="2">
  <reporter-output>
  </reporter-output>
  <suite name="Suite" duration-ms="58" started-at="2021-07-20T08:18:30 IST" finished-at="2021-07-20T08:18:30 IST">
    <groups>
    </groups>
    <test name="Test" duration-ms="58" started-at="2021-07-20T08:18:30 IST" finished-at="2021-07-20T08:18:30 IST">
      <class name="pack1.HomePageTest">
        <test-method status="PASS" signature="order()[pri:0, instance:pack1.HomePageTest@5702b3b1]" name="order" duration-ms="7" started-at="2021-07-20T08:18:30 IST" finished-at="2021-07-20T08:18:30 IST">
          <reporter-output>
          </reporter-output>
        </test-method> <!-- order -->
        <test-method status="PASS" signature="updateStore()[pri:0, instance:pack1.HomePageTest@5702b3b1]" name="updateStore" duration-ms="0" started-at="2021-07-20T08:18:30 IST" finished-at="2021-07-20T08:18:30 IST">
          <reporter-output>
          </reporter-output>
        </test-method> <!-- updateStore -->
      </class> <!-- pack1.HomePageTest -->
    </test> <!-- Test -->
  </suite> <!-- Suite -->
</testng-results>
