<?xml version="1.0" encoding="UTF-8"?>
<testng-results ignored="0" total="4" passed="4" failed="0" skipped="0">
  <reporter-output>
  </reporter-output>
  <suite started-at="2021-07-20T08:02:48 IST" name="Suite" finished-at="2021-07-20T08:02:48 IST" duration-ms="113">
    <groups>
    </groups>
    <test started-at="2021-07-20T08:02:48 IST" name="Test" finished-at="2021-07-20T08:02:48 IST" duration-ms="113">
      <class name="pack1.HomePageTest">
        <test-method signature="order()[pri:0, instance:pack1.HomePageTest@fa36558]" started-at="2021-07-20T08:02:48 IST" name="order" finished-at="2021-07-20T08:02:48 IST" duration-ms="18" status="PASS">
          <reporter-output>
          </reporter-output>
        </test-method> <!-- order -->
        <test-method signature="updateStore()[pri:0, instance:pack1.HomePageTest@fa36558]" started-at="2021-07-20T08:02:48 IST" name="updateStore" finished-at="2021-07-20T08:02:48 IST" duration-ms="2" status="PASS">
          <reporter-output>
          </reporter-output>
        </test-method> <!-- updateStore -->
      </class> <!-- pack1.HomePageTest -->
      <class name="pack2.LoginPageTest">
        <test-method signature="verifyLoginwithCorrectPassword()[pri:0, instance:pack2.LoginPageTest@672872e1]" started-at="2021-07-20T08:02:48 IST" name="verifyLoginwithCorrectPassword" finished-at="2021-07-20T08:02:48 IST" duration-ms="1" status="PASS">
          <reporter-output>
          </reporter-output>
        </test-method> <!-- verifyLoginwithCorrectPassword -->
        <test-method signature="verifyLoginwithIncorrectPassword()[pri:0, instance:pack2.LoginPageTest@672872e1]" started-at="2021-07-20T08:02:48 IST" name="verifyLoginwithIncorrectPassword" finished-at="2021-07-20T08:02:48 IST" duration-ms="3" status="PASS">
          <reporter-output>
          </reporter-output>
        </test-method> <!-- verifyLoginwithIncorrectPassword -->
      </class> <!-- pack2.LoginPageTest -->
    </test> <!-- Test -->
  </suite> <!-- Suite -->
</testng-results>
